Requirement already satisfied: matplotlib in /home/mohanad/miniconda3/envs/research/lib/python3.10/site-packages (from -r requirements.txt (line 1)) (3.5.1)
Requirement already satisfied: pandas in /home/mohanad/miniconda3/envs/research/lib/python3.10/site-packages (from -r requirements.txt (line 2)) (1.4.3)
Requirement already satisfied: ppmi_downloader in /home/mohanad/miniconda3/envs/research/lib/python3.10/site-packages (from -r requirements.txt (line 3)) (0.3.1)
Requirement already satisfied: datalad in /home/mohanad/miniconda3/envs/research/lib/python3.10/site-packages (from -r requirements.txt (line 4)) (0.17.2)
Requirement already satisfied: jupyter in /home/mohanad/.local/lib/python3.10/site-packages (from -r requirements.txt (line 5)) (1.0.0)
Requirement already satisfied: numpy in /home/mohanad/miniconda3/envs/research/lib/python3.10/site-packages (from -r requirements.txt (line 6)) (1.22.4)
Requirement already satisfied: boutiques in /home/mohanad/miniconda3/envs/research/lib/python3.10/site-packages (from -r requirements.txt (line 7)) (0.5.25)
Requirement already satisfied: livingpark_utils in /home/mohanad/miniconda3/envs/research/lib/python3.10/site-packages (from -r requirements.txt (line 8)) (0.3.1)
Requirement already satisfied: nilearn in /home/mohanad/miniconda3/envs/research/lib/python3.10/site-packages (from -r requirements.txt (line 9)) (0.9.1)
Requirement already satisfied: wget in /home/mohanad/miniconda3/envs/research/lib/python3.10/site-packages (from -r requirements.txt (line 10)) (3.2)
Requirement already satisfied: kiwisolver>=1.0.1 in /home/mohanad/miniconda3/envs/research/lib/python3.10/site-packages (from matplotlib->-r requirements.txt (line 1)) (1.4.2)
Requirement already satisfied: cycler>=0.10 in /home/mohanad/miniconda3/envs/research/lib/python3.10/site-packages (from matplotlib->-r requirements.txt (line 1)) (0.11.0)
Requirement already satisfied: python-dateutil>=2.7 in /home/mohanad/.local/lib/python3.10/site-packages (from matplotlib->-r requirements.txt (line 1)) (2.8.2)
Requirement already satisfied: packaging>=20.0 in /home/mohanad/.local/lib/python3.10/site-packages (from matplotlib->-r requirements.txt (line 1)) (21.3)
Requirement already satisfied: fonttools>=4.22.0 in /home/mohanad/miniconda3/envs/research/lib/python3.10/site-packages (from matplotlib->-r requirements.txt (line 1)) (4.25.0)
Requirement already satisfied: pillow>=6.2.0 in /home/mohanad/miniconda3/envs/research/lib/python3.10/site-packages (from matplotlib->-r requirements.txt (line 1)) (9.2.0)
Requirement already satisfied: pyparsing>=2.2.1 in /home/mohanad/miniconda3/envs/research/lib/python3.10/site-packages (from matplotlib->-r requirements.txt (line 1)) (3.0.4)
Requirement already satisfied: pytz>=2020.1 in /home/mohanad/miniconda3/envs/research/lib/python3.10/site-packages (from pandas->-r requirements.txt (line 2)) (2022.1)
Requirement already satisfied: webdriver-manager in /home/mohanad/miniconda3/envs/research/lib/python3.10/site-packages (from ppmi_downloader->-r requirements.txt (line 3)) (3.8.3)
Requirement already satisfied: selenium in /home/mohanad/miniconda3/envs/research/lib/python3.10/site-packages (from ppmi_downloader->-r requirements.txt (line 3)) (4.4.0)
Requirement already satisfied: tqdm in /home/mohanad/miniconda3/envs/research/lib/python3.10/site-packages (from datalad->-r requirements.txt (line 4)) (4.64.0)
Requirement already satisfied: humanize in /home/mohanad/miniconda3/envs/research/lib/python3.10/site-packages (from datalad->-r requirements.txt (line 4)) (4.3.0)
Requirement already satisfied: requests>=1.2 in /home/mohanad/miniconda3/envs/research/lib/python3.10/site-packages (from datalad->-r requirements.txt (line 4)) (2.28.1)
Requirement already satisfied: simplejson in /home/mohanad/miniconda3/envs/research/lib/python3.10/site-packages (from datalad->-r requirements.txt (line 4)) (3.17.6)
Requirement already satisfied: fasteners>=0.14 in /home/mohanad/miniconda3/envs/research/lib/python3.10/site-packages (from datalad->-r requirements.txt (line 4)) (0.17.3)
Requirement already satisfied: patool>=1.7 in /home/mohanad/miniconda3/envs/research/lib/python3.10/site-packages (from datalad->-r requirements.txt (line 4)) (1.12)
Requirement already satisfied: annexremote in /home/mohanad/miniconda3/envs/research/lib/python3.10/site-packages (from datalad->-r requirements.txt (line 4)) (1.6.0)
Requirement already satisfied: msgpack in /home/mohanad/miniconda3/envs/research/lib/python3.10/site-packages (from datalad->-r requirements.txt (line 4)) (1.0.4)
Requirement already satisfied: whoosh in /home/mohanad/miniconda3/envs/research/lib/python3.10/site-packages (from datalad->-r requirements.txt (line 4)) (2.7.4)
Requirement already satisfied: platformdirs in /home/mohanad/miniconda3/envs/research/lib/python3.10/site-packages (from datalad->-r requirements.txt (line 4)) (2.5.2)
Requirement already satisfied: keyring>=20.0 in /home/mohanad/miniconda3/envs/research/lib/python3.10/site-packages (from datalad->-r requirements.txt (line 4)) (23.8.2)
Requirement already satisfied: boto in /home/mohanad/miniconda3/envs/research/lib/python3.10/site-packages (from datalad->-r requirements.txt (line 4)) (2.49.0)
Requirement already satisfied: distro in /home/mohanad/miniconda3/envs/research/lib/python3.10/site-packages (from datalad->-r requirements.txt (line 4)) (1.7.0)
Requirement already satisfied: python-gitlab in /home/mohanad/miniconda3/envs/research/lib/python3.10/site-packages (from datalad->-r requirements.txt (line 4)) (3.8.1)
Requirement already satisfied: chardet<5.0.0,>=3.0.4 in /home/mohanad/miniconda3/envs/research/lib/python3.10/site-packages (from datalad->-r requirements.txt (line 4)) (4.0.0)
Requirement already satisfied: iso8601 in /home/mohanad/miniconda3/envs/research/lib/python3.10/site-packages (from datalad->-r requirements.txt (line 4)) (1.0.2)
Requirement already satisfied: keyrings.alt in /home/mohanad/miniconda3/envs/research/lib/python3.10/site-packages (from datalad->-r requirements.txt (line 4)) (4.1.1)
Requirement already satisfied: qtconsole in /home/mohanad/.local/lib/python3.10/site-packages (from jupyter->-r requirements.txt (line 5)) (5.3.1)
Requirement already satisfied: ipywidgets in /home/mohanad/.local/lib/python3.10/site-packages (from jupyter->-r requirements.txt (line 5)) (7.7.1)
Requirement already satisfied: notebook in /home/mohanad/.local/lib/python3.10/site-packages (from jupyter->-r requirements.txt (line 5)) (6.4.12)
Requirement already satisfied: jupyter-console in /home/mohanad/.local/lib/python3.10/site-packages (from jupyter->-r requirements.txt (line 5)) (6.4.4)
Requirement already satisfied: ipykernel in /home/mohanad/.local/lib/python3.10/site-packages (from jupyter->-r requirements.txt (line 5)) (6.15.1)
Requirement already satisfied: nbconvert in /home/mohanad/.local/lib/python3.10/site-packages (from jupyter->-r requirements.txt (line 5)) (6.5.3)
Requirement already satisfied: pytest in /home/mohanad/miniconda3/envs/research/lib/python3.10/site-packages (from boutiques->-r requirements.txt (line 7)) (7.1.2)
Requirement already satisfied: jsonschema in /home/mohanad/.local/lib/python3.10/site-packages (from boutiques->-r requirements.txt (line 7)) (4.9.1)
Requirement already satisfied: termcolor in /home/mohanad/miniconda3/envs/research/lib/python3.10/site-packages (from boutiques->-r requirements.txt (line 7)) (1.1.0)
Requirement already satisfied: docopt in /home/mohanad/miniconda3/envs/research/lib/python3.10/site-packages (from boutiques->-r requirements.txt (line 7)) (0.6.2)
Requirement already satisfied: mock in /home/mohanad/miniconda3/envs/research/lib/python3.10/site-packages (from boutiques->-r requirements.txt (line 7)) (4.0.3)
Requirement already satisfied: nexus-sdk in /home/mohanad/miniconda3/envs/research/lib/python3.10/site-packages (from boutiques->-r requirements.txt (line 7)) (0.3.2)
Requirement already satisfied: tabulate in /home/mohanad/miniconda3/envs/research/lib/python3.10/site-packages (from boutiques->-r requirements.txt (line 7)) (0.8.10)
Requirement already satisfied: pyyaml in /home/mohanad/miniconda3/envs/research/lib/python3.10/site-packages (from boutiques->-r requirements.txt (line 7)) (6.0)
Requirement already satisfied: IPython in /home/mohanad/.local/lib/python3.10/site-packages (from livingpark_utils->-r requirements.txt (line 8)) (8.4.0)
Requirement already satisfied: nibabel>=3.0.0 in /home/mohanad/miniconda3/envs/research/lib/python3.10/site-packages (from nilearn->-r requirements.txt (line 9)) (4.0.1)
Requirement already satisfied: lxml in /home/mohanad/.local/lib/python3.10/site-packages (from nilearn->-r requirements.txt (line 9)) (4.9.1)
Requirement already satisfied: scikit-learn>=0.22 in /home/mohanad/miniconda3/envs/research/lib/python3.10/site-packages (from nilearn->-r requirements.txt (line 9)) (1.1.1)
Requirement already satisfied: scipy>=1.5 in /home/mohanad/miniconda3/envs/research/lib/python3.10/site-packages (from nilearn->-r requirements.txt (line 9)) (1.7.3)
Requirement already satisfied: joblib>=0.15 in /home/mohanad/miniconda3/envs/research/lib/python3.10/site-packages (from nilearn->-r requirements.txt (line 9)) (1.1.0)
Requirement already satisfied: SecretStorage>=3.2 in /home/mohanad/miniconda3/envs/research/lib/python3.10/site-packages (from keyring>=20.0->datalad->-r requirements.txt (line 4)) (3.3.2)
Requirement already satisfied: jeepney>=0.4.2 in /home/mohanad/miniconda3/envs/research/lib/python3.10/site-packages (from keyring>=20.0->datalad->-r requirements.txt (line 4)) (0.8.0)
Requirement already satisfied: setuptools in /home/mohanad/miniconda3/envs/research/lib/python3.10/site-packages (from nibabel>=3.0.0->nilearn->-r requirements.txt (line 9)) (61.2.0)
Requirement already satisfied: six>=1.5 in /home/mohanad/miniconda3/envs/research/lib/python3.10/site-packages (from python-dateutil>=2.7->matplotlib->-r requirements.txt (line 1)) (1.16.0)
Requirement already satisfied: charset-normalizer<3,>=2 in /home/mohanad/miniconda3/envs/research/lib/python3.10/site-packages (from requests>=1.2->datalad->-r requirements.txt (line 4)) (2.0.4)
Requirement already satisfied: urllib3<1.27,>=1.21.1 in /home/mohanad/miniconda3/envs/research/lib/python3.10/site-packages (from requests>=1.2->datalad->-r requirements.txt (line 4)) (1.26.11)
Requirement already satisfied: certifi>=2017.4.17 in /home/mohanad/miniconda3/envs/research/lib/python3.10/site-packages (from requests>=1.2->datalad->-r requirements.txt (line 4)) (2022.6.15)
Requirement already satisfied: idna<4,>=2.5 in /home/mohanad/miniconda3/envs/research/lib/python3.10/site-packages (from requests>=1.2->datalad->-r requirements.txt (line 4)) (3.3)
Requirement already satisfied: threadpoolctl>=2.0.0 in /home/mohanad/miniconda3/envs/research/lib/python3.10/site-packages (from scikit-learn>=0.22->nilearn->-r requirements.txt (line 9)) (2.2.0)
Requirement already satisfied: pyzmq>=17 in /home/mohanad/.local/lib/python3.10/site-packages (from ipykernel->jupyter->-r requirements.txt (line 5)) (23.2.1)
Requirement already satisfied: debugpy>=1.0 in /home/mohanad/.local/lib/python3.10/site-packages (from ipykernel->jupyter->-r requirements.txt (line 5)) (1.6.2)
Requirement already satisfied: psutil in /home/mohanad/.local/lib/python3.10/site-packages (from ipykernel->jupyter->-r requirements.txt (line 5)) (5.9.1)
Requirement already satisfied: traitlets>=5.1.0 in /home/mohanad/.local/lib/python3.10/site-packages (from ipykernel->jupyter->-r requirements.txt (line 5)) (5.3.0)
Requirement already satisfied: matplotlib-inline>=0.1 in /home/mohanad/.local/lib/python3.10/site-packages (from ipykernel->jupyter->-r requirements.txt (line 5)) (0.1.3)
Requirement already satisfied: jupyter-client>=6.1.12 in /home/mohanad/.local/lib/python3.10/site-packages (from ipykernel->jupyter->-r requirements.txt (line 5)) (7.3.4)
Requirement already satisfied: nest-asyncio in /home/mohanad/.local/lib/python3.10/site-packages (from ipykernel->jupyter->-r requirements.txt (line 5)) (1.5.5)
Requirement already satisfied: tornado>=6.1 in /home/mohanad/.local/lib/python3.10/site-packages (from ipykernel->jupyter->-r requirements.txt (line 5)) (6.2)
Requirement already satisfied: jedi>=0.16 in /home/mohanad/.local/lib/python3.10/site-packages (from IPython->livingpark_utils->-r requirements.txt (line 8)) (0.18.1)
Requirement already satisfied: decorator in /home/mohanad/.local/lib/python3.10/site-packages (from IPython->livingpark_utils->-r requirements.txt (line 8)) (5.1.1)
Requirement already satisfied: backcall in /home/mohanad/.local/lib/python3.10/site-packages (from IPython->livingpark_utils->-r requirements.txt (line 8)) (0.2.0)
Requirement already satisfied: pickleshare in /home/mohanad/.local/lib/python3.10/site-packages (from IPython->livingpark_utils->-r requirements.txt (line 8)) (0.7.5)
Requirement already satisfied: pexpect>4.3 in /home/mohanad/miniconda3/envs/research/lib/python3.10/site-packages (from IPython->livingpark_utils->-r requirements.txt (line 8)) (4.8.0)
Requirement already satisfied: prompt-toolkit!=3.0.0,!=3.0.1,<3.1.0,>=2.0.0 in /home/mohanad/.local/lib/python3.10/site-packages (from IPython->livingpark_utils->-r requirements.txt (line 8)) (3.0.30)
Requirement already satisfied: stack-data in /home/mohanad/.local/lib/python3.10/site-packages (from IPython->livingpark_utils->-r requirements.txt (line 8)) (0.3.0)
Requirement already satisfied: pygments>=2.4.0 in /home/mohanad/.local/lib/python3.10/site-packages (from IPython->livingpark_utils->-r requirements.txt (line 8)) (2.12.0)
Requirement already satisfied: ipython-genutils~=0.2.0 in /home/mohanad/.local/lib/python3.10/site-packages (from ipywidgets->jupyter->-r requirements.txt (line 5)) (0.2.0)
Requirement already satisfied: jupyterlab-widgets>=1.0.0 in /home/mohanad/.local/lib/python3.10/site-packages (from ipywidgets->jupyter->-r requirements.txt (line 5)) (1.1.1)
Requirement already satisfied: widgetsnbextension~=3.6.0 in /home/mohanad/.local/lib/python3.10/site-packages (from ipywidgets->jupyter->-r requirements.txt (line 5)) (3.6.1)
Requirement already satisfied: pyrsistent!=0.17.0,!=0.17.1,!=0.17.2,>=0.14.0 in /home/mohanad/.local/lib/python3.10/site-packages (from jsonschema->boutiques->-r requirements.txt (line 7)) (0.18.1)
Requirement already satisfied: attrs>=17.4.0 in /home/mohanad/.local/lib/python3.10/site-packages (from jsonschema->boutiques->-r requirements.txt (line 7)) (22.1.0)
Requirement already satisfied: nbformat>=5.1 in /home/mohanad/.local/lib/python3.10/site-packages (from nbconvert->jupyter->-r requirements.txt (line 5)) (5.4.0)
Requirement already satisfied: entrypoints>=0.2.2 in /home/mohanad/.local/lib/python3.10/site-packages (from nbconvert->jupyter->-r requirements.txt (line 5)) (0.4)
Requirement already satisfied: tinycss2 in /home/mohanad/.local/lib/python3.10/site-packages (from nbconvert->jupyter->-r requirements.txt (line 5)) (1.1.1)
Requirement already satisfied: MarkupSafe>=2.0 in /home/mohanad/miniconda3/envs/research/lib/python3.10/site-packages (from nbconvert->jupyter->-r requirements.txt (line 5)) (2.1.1)
Requirement already satisfied: beautifulsoup4 in /home/mohanad/.local/lib/python3.10/site-packages (from nbconvert->jupyter->-r requirements.txt (line 5)) (4.11.1)
Requirement already satisfied: jupyter-core>=4.7 in /home/mohanad/.local/lib/python3.10/site-packages (from nbconvert->jupyter->-r requirements.txt (line 5)) (4.11.1)
Requirement already satisfied: bleach in /home/mohanad/.local/lib/python3.10/site-packages (from nbconvert->jupyter->-r requirements.txt (line 5)) (5.0.1)
Requirement already satisfied: defusedxml in /home/mohanad/.local/lib/python3.10/site-packages (from nbconvert->jupyter->-r requirements.txt (line 5)) (0.7.1)
Requirement already satisfied: mistune<2,>=0.8.1 in /home/mohanad/.local/lib/python3.10/site-packages (from nbconvert->jupyter->-r requirements.txt (line 5)) (0.8.4)
Requirement already satisfied: pandocfilters>=1.4.1 in /home/mohanad/.local/lib/python3.10/site-packages (from nbconvert->jupyter->-r requirements.txt (line 5)) (1.5.0)
Requirement already satisfied: jupyterlab-pygments in /home/mohanad/.local/lib/python3.10/site-packages (from nbconvert->jupyter->-r requirements.txt (line 5)) (0.2.2)
Requirement already satisfied: nbclient>=0.5.0 in /home/mohanad/.local/lib/python3.10/site-packages (from nbconvert->jupyter->-r requirements.txt (line 5)) (0.6.6)
Requirement already satisfied: jinja2>=3.0 in /home/mohanad/.local/lib/python3.10/site-packages (from nbconvert->jupyter->-r requirements.txt (line 5)) (3.1.2)
Requirement already satisfied: sseclient in /home/mohanad/miniconda3/envs/research/lib/python3.10/site-packages (from nexus-sdk->boutiques->-r requirements.txt (line 7)) (0.0.27)
Requirement already satisfied: puremagic in /home/mohanad/miniconda3/envs/research/lib/python3.10/site-packages (from nexus-sdk->boutiques->-r requirements.txt (line 7)) (1.14)
Requirement already satisfied: Send2Trash>=1.8.0 in /home/mohanad/.local/lib/python3.10/site-packages (from notebook->jupyter->-r requirements.txt (line 5)) (1.8.0)
Requirement already satisfied: argon2-cffi in /home/mohanad/.local/lib/python3.10/site-packages (from notebook->jupyter->-r requirements.txt (line 5)) (21.3.0)
Requirement already satisfied: prometheus-client in /home/mohanad/.local/lib/python3.10/site-packages (from notebook->jupyter->-r requirements.txt (line 5)) (0.14.1)
Requirement already satisfied: terminado>=0.8.3 in /home/mohanad/.local/lib/python3.10/site-packages (from notebook->jupyter->-r requirements.txt (line 5)) (0.15.0)
Requirement already satisfied: tomli>=1.0.0 in /home/mohanad/miniconda3/envs/research/lib/python3.10/site-packages (from pytest->boutiques->-r requirements.txt (line 7)) (2.0.1)
Requirement already satisfied: py>=1.8.2 in /home/mohanad/miniconda3/envs/research/lib/python3.10/site-packages (from pytest->boutiques->-r requirements.txt (line 7)) (1.11.0)
Requirement already satisfied: pluggy<2.0,>=0.12 in /home/mohanad/miniconda3/envs/research/lib/python3.10/site-packages (from pytest->boutiques->-r requirements.txt (line 7)) (1.0.0)
Requirement already satisfied: iniconfig in /home/mohanad/miniconda3/envs/research/lib/python3.10/site-packages (from pytest->boutiques->-r requirements.txt (line 7)) (1.1.1)
Requirement already satisfied: requests-toolbelt>=0.9.1 in /home/mohanad/miniconda3/envs/research/lib/python3.10/site-packages (from python-gitlab->datalad->-r requirements.txt (line 4)) (0.9.1)
Requirement already satisfied: qtpy>=2.0.1 in /home/mohanad/.local/lib/python3.10/site-packages (from qtconsole->jupyter->-r requirements.txt (line 5)) (2.2.0)
Requirement already satisfied: trio~=0.17 in /home/mohanad/miniconda3/envs/research/lib/python3.10/site-packages (from selenium->ppmi_downloader->-r requirements.txt (line 3)) (0.21.0)
Requirement already satisfied: trio-websocket~=0.9 in /home/mohanad/miniconda3/envs/research/lib/python3.10/site-packages (from selenium->ppmi_downloader->-r requirements.txt (line 3)) (0.9.2)
Requirement already satisfied: python-dotenv in /home/mohanad/miniconda3/envs/research/lib/python3.10/site-packages (from webdriver-manager->ppmi_downloader->-r requirements.txt (line 3)) (0.20.0)
Requirement already satisfied: parso<0.9.0,>=0.8.0 in /home/mohanad/.local/lib/python3.10/site-packages (from jedi>=0.16->IPython->livingpark_utils->-r requirements.txt (line 8)) (0.8.3)
Requirement already satisfied: fastjsonschema in /home/mohanad/.local/lib/python3.10/site-packages (from nbformat>=5.1->nbconvert->jupyter->-r requirements.txt (line 5)) (2.16.1)
Requirement already satisfied: ptyprocess>=0.5 in /home/mohanad/miniconda3/envs/research/lib/python3.10/site-packages (from pexpect>4.3->IPython->livingpark_utils->-r requirements.txt (line 8)) (0.7.0)
Requirement already satisfied: wcwidth in /home/mohanad/.local/lib/python3.10/site-packages (from prompt-toolkit!=3.0.0,!=3.0.1,<3.1.0,>=2.0.0->IPython->livingpark_utils->-r requirements.txt (line 8)) (0.2.5)
Requirement already satisfied: cryptography>=2.0 in /home/mohanad/miniconda3/envs/research/lib/python3.10/site-packages (from SecretStorage>=3.2->keyring>=20.0->datalad->-r requirements.txt (line 4)) (37.0.1)
Requirement already satisfied: sniffio in /home/mohanad/miniconda3/envs/research/lib/python3.10/site-packages (from trio~=0.17->selenium->ppmi_downloader->-r requirements.txt (line 3)) (1.2.0)
Requirement already satisfied: outcome in /home/mohanad/miniconda3/envs/research/lib/python3.10/site-packages (from trio~=0.17->selenium->ppmi_downloader->-r requirements.txt (line 3)) (1.2.0)
Requirement already satisfied: async-generator>=1.9 in /home/mohanad/miniconda3/envs/research/lib/python3.10/site-packages (from trio~=0.17->selenium->ppmi_downloader->-r requirements.txt (line 3)) (1.10)
Requirement already satisfied: sortedcontainers in /home/mohanad/miniconda3/envs/research/lib/python3.10/site-packages (from trio~=0.17->selenium->ppmi_downloader->-r requirements.txt (line 3)) (2.4.0)
Requirement already satisfied: wsproto>=0.14 in /home/mohanad/miniconda3/envs/research/lib/python3.10/site-packages (from trio-websocket~=0.9->selenium->ppmi_downloader->-r requirements.txt (line 3)) (1.1.0)
Requirement already satisfied: PySocks!=1.5.7,<2.0,>=1.5.6 in /home/mohanad/miniconda3/envs/research/lib/python3.10/site-packages (from urllib3<1.27,>=1.21.1->requests>=1.2->datalad->-r requirements.txt (line 4)) (1.7.1)
Requirement already satisfied: pyOpenSSL>=0.14 in /home/mohanad/miniconda3/envs/research/lib/python3.10/site-packages (from urllib3<1.27,>=1.21.1->requests>=1.2->datalad->-r requirements.txt (line 4)) (22.0.0)
Requirement already satisfied: argon2-cffi-bindings in /home/mohanad/.local/lib/python3.10/site-packages (from argon2-cffi->notebook->jupyter->-r requirements.txt (line 5)) (21.2.0)
Requirement already satisfied: soupsieve>1.2 in /home/mohanad/.local/lib/python3.10/site-packages (from beautifulsoup4->nbconvert->jupyter->-r requirements.txt (line 5)) (2.3.2.post1)
Requirement already satisfied: webencodings in /home/mohanad/.local/lib/python3.10/site-packages (from bleach->nbconvert->jupyter->-r requirements.txt (line 5)) (0.5.1)
Requirement already satisfied: asttokens in /home/mohanad/.local/lib/python3.10/site-packages (from stack-data->IPython->livingpark_utils->-r requirements.txt (line 8)) (2.0.7)
Requirement already satisfied: pure-eval in /home/mohanad/.local/lib/python3.10/site-packages (from stack-data->IPython->livingpark_utils->-r requirements.txt (line 8)) (0.2.2)
Requirement already satisfied: executing in /home/mohanad/.local/lib/python3.10/site-packages (from stack-data->IPython->livingpark_utils->-r requirements.txt (line 8)) (0.9.1)
Requirement already satisfied: cffi>=1.12 in /home/mohanad/.local/lib/python3.10/site-packages (from cryptography>=2.0->SecretStorage>=3.2->keyring>=20.0->datalad->-r requirements.txt (line 4)) (1.15.1)
Requirement already satisfied: h11<1,>=0.9.0 in /home/mohanad/miniconda3/envs/research/lib/python3.10/site-packages (from wsproto>=0.14->trio-websocket~=0.9->selenium->ppmi_downloader->-r requirements.txt (line 3)) (0.13.0)
Requirement already satisfied: pycparser in /home/mohanad/.local/lib/python3.10/site-packages (from cffi>=1.12->cryptography>=2.0->SecretStorage>=3.2->keyring>=20.0->datalad->-r requirements.txt (line 4)) (2.21)
